<?xml version="1.0" encoding="UTF-8"?>
<!-- Generated by org.testng.reporters.JUnitReportReporter -->
<testsuite hostname="ManojKumar-FVFH71A4Q05N" failures="0" tests="1" name="tests.BStackAppium" time="30.507" errors="0" timestamp="2023-11-09T19:05:20 IST" skipped="0">
  <testcase classname="tests.BStackAppium" name="test" time="30.507"/>
</testsuite> <!-- tests.BStackAppium -->
